# JRE version: OpenJDK Runtime Environment Temurin-21.0.9+10 (21.0.9+10) (build 21.0.9+10-LTS)
# Java VM: OpenJDK 64-Bit Server VM Temurin-21.0.9+10 (21.0.9+10-LTS, mixed mode, sharing, tiered, compressed oops, compressed class ptrs, parallel gc, windows-amd64)
GC Precious Log:
 CardTable entry size: 512
 CPUs: 16 total, 16 available
 Memory: 15789M
 Large Page Support: Disabled
 NUMA Support: Disabled
 Compressed Oops: Enabled (32-bit)
 Alignments: Space 512K, Generation 512K, Heap 2M
 Heap Min Capacity: 100M
 Heap Initial Capacity: 100M
 Heap Max Capacity: 2G
 Pre-touch: Disabled
 Parallel Workers: 13
Heap:
 PSYoungGen      total 3584K, used 1683K [0x00000000d5580000, 0x00000000d5c00000, 0x0000000100000000)
  eden space 3072K, 39% used [0x00000000d5580000,0x00000000d56acde0,0x00000000d5880000)
  from space 512K, 93% used [0x00000000d5900000,0x00000000d5978000,0x00000000d5980000)
  to   space 1536K, 0% used [0x00000000d5a80000,0x00000000d5a80000,0x00000000d5c00000)
 ParOldGen       total 610816K, used 610371K [0x0000000080000000, 0x00000000a5480000, 0x00000000d5580000)
  object space 610816K, 99% used [0x0000000080000000,0x00000000a5410c48,0x00000000a5480000)
 Metaspace       used 98965K, committed 100800K, reserved 1179648K
  class space    used 9598K, committed 10432K, reserved 1048576K
GC Heap History (20 events):
Event: 779545.339 GC heap before
{Heap before GC invocations=4747 (full 8):
 PSYoungGen      total 5632K, used 3392K [0x00000000d5580000, 0x00000000d5c00000, 0x0000000100000000)
  eden space 3072K, 100% used [0x00000000d5580000,0x00000000d5880000,0x00000000d5880000)
  from space 2560K, 12% used [0x00000000d5880000,0x00000000d58d0000,0x00000000d5b00000)
  to   space 1024K, 0% used [0x00000000d5b00000,0x00000000d5b00000,0x00000000d5c00000)
 ParOldGen       total 601600K, used 601562K [0x0000000080000000, 0x00000000a4b80000, 0x00000000d5580000)
  object space 601600K, 99% used [0x0000000080000000,0x00000000a4b76af0,0x00000000a4b80000)
 Metaspace       used 98961K, committed 100800K, reserved 1179648K
  class space    used 9598K, committed 10432K, reserved 1048576K
}
Event: 779545.344 GC heap after
{Heap after GC invocations=4747 (full 8):
 PSYoungGen      total 3584K, used 432K [0x00000000d5580000, 0x00000000d5b80000, 0x0000000100000000)
  eden space 3072K, 0% used [0x00000000d5580000,0x00000000d5580000,0x00000000d5880000)
  from space 512K, 84% used [0x00000000d5b00000,0x00000000d5b6c010,0x00000000d5b80000)
  to   space 512K, 0% used [0x00000000d5a80000,0x00000000d5a80000,0x00000000d5b00000)
 ParOldGen       total 602112K, used 601650K [0x0000000080000000, 0x00000000a4c00000, 0x00000000d5580000)
  object space 602112K, 99% used [0x0000000080000000,0x00000000a4b8caf0,0x00000000a4c00000)
 Metaspace       used 98961K, committed 100800K, reserved 1179648K
  class space    used 9598K, committed 10432K, reserved 1048576K
}
Event: 779545.534 GC heap before
{Heap before GC invocations=4748 (full 8):
 PSYoungGen      total 3584K, used 3504K [0x00000000d5580000, 0x00000000d5b80000, 0x0000000100000000)
  eden space 3072K, 100% used [0x00000000d5580000,0x00000000d5880000,0x00000000d5880000)
  from space 512K, 84% used [0x00000000d5b00000,0x00000000d5b6c010,0x00000000d5b80000)
  to   space 512K, 0% used [0x00000000d5a80000,0x00000000d5a80000,0x00000000d5b00000)
 ParOldGen       total 602112K, used 601650K [0x0000000080000000, 0x00000000a4c00000, 0x00000000d5580000)
  object space 602112K, 99% used [0x0000000080000000,0x00000000a4b8caf0,0x00000000a4c00000)
 Metaspace       used 98964K, committed 100800K, reserved 1179648K
  class space    used 9598K, committed 10432K, reserved 1048576K
}
Event: 779545.536 GC heap after
{Heap after GC invocations=4748 (full 8):
 PSYoungGen      total 3584K, used 416K [0x00000000d5580000, 0x00000000d5b80000, 0x0000000100000000)
  eden space 3072K, 0% used [0x00000000d5580000,0x00000000d5580000,0x00000000d5880000)
  from space 512K, 81% used [0x00000000d5a80000,0x00000000d5ae8000,0x00000000d5b00000)
  to   space 512K, 0% used [0x00000000d5b00000,0x00000000d5b00000,0x00000000d5b80000)
 ParOldGen       total 602112K, used 601802K [0x0000000080000000, 0x00000000a4c00000, 0x00000000d5580000)
  object space 602112K, 99% used [0x0000000080000000,0x00000000a4bb2af0,0x00000000a4c00000)
 Metaspace       used 98964K, committed 100800K, reserved 1179648K
  class space    used 9598K, committed 10432K, reserved 1048576K
}
Event: 779587.852 GC heap before
{Heap before GC invocations=4749 (full 8):
 PSYoungGen      total 3584K, used 3488K [0x00000000d5580000, 0x00000000d5b80000, 0x0000000100000000)
  eden space 3072K, 100% used [0x00000000d5580000,0x00000000d5880000,0x00000000d5880000)
  from space 512K, 81% used [0x00000000d5a80000,0x00000000d5ae8000,0x00000000d5b00000)
  to   space 512K, 0% used [0x00000000d5b00000,0x00000000d5b00000,0x00000000d5b80000)
 ParOldGen       total 602112K, used 601802K [0x0000000080000000, 0x00000000a4c00000, 0x00000000d5580000)
  object space 602112K, 99% used [0x0000000080000000,0x00000000a4bb2af0,0x00000000a4c00000)
 Metaspace       used 98964K, committed 100800K, reserved 1179648K
  class space    used 9598K, committed 10432K, reserved 1048576K
}
Event: 779587.853 GC heap after
{Heap after GC invocations=4749 (full 8):
 PSYoungGen      total 3584K, used 489K [0x00000000d5580000, 0x00000000d5b80000, 0x0000000100000000)
  eden space 3072K, 0% used [0x00000000d5580000,0x00000000d5580000,0x00000000d5880000)
  from space 512K, 95% used [0x00000000d5b00000,0x00000000d5b7a420,0x00000000d5b80000)
  to   space 1024K, 0% used [0x00000000d5980000,0x00000000d5980000,0x00000000d5a80000)
 ParOldGen       total 602112K, used 601914K [0x0000000080000000, 0x00000000a4c00000, 0x00000000d5580000)
  object space 602112K, 99% used [0x0000000080000000,0x00000000a4bceaf0,0x00000000a4c00000)
 Metaspace       used 98964K, committed 100800K, reserved 1179648K
  class space    used 9598K, committed 10432K, reserved 1048576K
}
Event: 779587.856 GC heap before
{Heap before GC invocations=4750 (full 8):
 PSYoungGen      total 3584K, used 3561K [0x00000000d5580000, 0x00000000d5b80000, 0x0000000100000000)
  eden space 3072K, 100% used [0x00000000d5580000,0x00000000d5880000,0x00000000d5880000)
  from space 512K, 95% used [0x00000000d5b00000,0x00000000d5b7a420,0x00000000d5b80000)
  to   space 1024K, 0% used [0x00000000d5980000,0x00000000d5980000,0x00000000d5a80000)
 ParOldGen       total 602112K, used 601914K [0x0000000080000000, 0x00000000a4c00000, 0x00000000d5580000)
  object space 602112K, 99% used [0x0000000080000000,0x00000000a4bceaf0,0x00000000a4c00000)
 Metaspace       used 98964K, committed 100800K, reserved 1179648K
  class space    used 9598K, committed 10432K, reserved 1048576K
}
Event: 779587.857 GC heap after
{Heap after GC invocations=4750 (full 8):
 PSYoungGen      total 4096K, used 640K [0x00000000d5580000, 0x00000000d5b80000, 0x0000000100000000)
  eden space 3072K, 0% used [0x00000000d5580000,0x00000000d5580000,0x00000000d5880000)
  from space 1024K, 62% used [0x00000000d5980000,0x00000000d5a20000,0x00000000d5a80000)
  to   space 1024K, 0% used [0x00000000d5a80000,0x00000000d5a80000,0x00000000d5b80000)
 ParOldGen       total 602624K, used 602257K [0x0000000080000000, 0x00000000a4c80000, 0x00000000d5580000)
  object space 602624K, 99% used [0x0000000080000000,0x00000000a4c24620,0x00000000a4c80000)
 Metaspace       used 98964K, committed 100800K, reserved 1179648K
  class space    used 9598K, committed 10432K, reserved 1048576K
}
Event: 779587.912 GC heap before
{Heap before GC invocations=4751 (full 8):
 PSYoungGen      total 4096K, used 3712K [0x00000000d5580000, 0x00000000d5b80000, 0x0000000100000000)
  eden space 3072K, 100% used [0x00000000d5580000,0x00000000d5880000,0x00000000d5880000)
  from space 1024K, 62% used [0x00000000d5980000,0x00000000d5a20000,0x00000000d5a80000)
  to   space 1024K, 0% used [0x00000000d5a80000,0x00000000d5a80000,0x00000000d5b80000)
 ParOldGen       total 602624K, used 602257K [0x0000000080000000, 0x00000000a4c80000, 0x00000000d5580000)
  object space 602624K, 99% used [0x0000000080000000,0x00000000a4c24620,0x00000000a4c80000)
 Metaspace       used 98964K, committed 100800K, reserved 1179648K
  class space    used 9598K, committed 10432K, reserved 1048576K
}
Event: 779587.915 GC heap after
{Heap after GC invocations=4751 (full 8):
 PSYoungGen      total 4096K, used 713K [0x00000000d5580000, 0x00000000d5b80000, 0x0000000100000000)
  eden space 3072K, 0% used [0x00000000d5580000,0x00000000d5580000,0x00000000d5880000)
  from space 1024K, 69% used [0x00000000d5a80000,0x00000000d5b32400,0x00000000d5b80000)
  to   space 1024K, 0% used [0x00000000d5980000,0x00000000d5980000,0x00000000d5a80000)
 ParOldGen       total 603136K, used 602689K [0x0000000080000000, 0x00000000a4d00000, 0x00000000d5580000)
  object space 603136K, 99% used [0x0000000080000000,0x00000000a4c90620,0x00000000a4d00000)
 Metaspace       used 98964K, committed 100800K, reserved 1179648K
  class space    used 9598K, committed 10432K, reserved 1048576K
}
Event: 779588.763 GC heap before
{Heap before GC invocations=4752 (full 8):
 PSYoungGen      total 4096K, used 3785K [0x00000000d5580000, 0x00000000d5b80000, 0x0000000100000000)
  eden space 3072K, 100% used [0x00000000d5580000,0x00000000d5880000,0x00000000d5880000)
  from space 1024K, 69% used [0x00000000d5a80000,0x00000000d5b32400,0x00000000d5b80000)
  to   space 1024K, 0% used [0x00000000d5980000,0x00000000d5980000,0x00000000d5a80000)
 ParOldGen       total 603136K, used 602689K [0x0000000080000000, 0x00000000a4d00000, 0x00000000d5580000)
  object space 603136K, 99% used [0x0000000080000000,0x00000000a4c90620,0x00000000a4d00000)
 Metaspace       used 98964K, committed 100800K, reserved 1179648K
  class space    used 9598K, committed 10432K, reserved 1048576K
}
Event: 779588.765 GC heap after
{Heap after GC invocations=4752 (full 8):
 PSYoungGen      total 4096K, used 993K [0x00000000d5580000, 0x00000000d5e80000, 0x0000000100000000)
  eden space 3072K, 0% used [0x00000000d5580000,0x00000000d5580000,0x00000000d5880000)
  from space 1024K, 97% used [0x00000000d5980000,0x00000000d5a78560,0x00000000d5a80000)
  to   space 3072K, 0% used [0x00000000d5b80000,0x00000000d5b80000,0x00000000d5e80000)
 ParOldGen       total 604672K, used 604318K [0x0000000080000000, 0x00000000a4e80000, 0x00000000d5580000)
  object space 604672K, 99% used [0x0000000080000000,0x00000000a4e27a98,0x00000000a4e80000)
 Metaspace       used 98964K, committed 100800K, reserved 1179648K
  class space    used 9598K, committed 10432K, reserved 1048576K
}
Event: 779590.793 GC heap before
{Heap before GC invocations=4753 (full 8):
 PSYoungGen      total 4096K, used 4026K [0x00000000d5580000, 0x00000000d5e80000, 0x0000000100000000)
  eden space 3072K, 98% used [0x00000000d5580000,0x00000000d5876580,0x00000000d5880000)
  from space 1024K, 97% used [0x00000000d5980000,0x00000000d5a78560,0x00000000d5a80000)
  to   space 3072K, 0% used [0x00000000d5b80000,0x00000000d5b80000,0x00000000d5e80000)
 ParOldGen       total 604672K, used 604318K [0x0000000080000000, 0x00000000a4e80000, 0x00000000d5580000)
  object space 604672K, 99% used [0x0000000080000000,0x00000000a4e27a98,0x00000000a4e80000)
 Metaspace       used 98964K, committed 100800K, reserved 1179648K
  class space    used 9598K, committed 10432K, reserved 1048576K
}
Event: 779590.795 GC heap after
{Heap after GC invocations=4753 (full 8):
 PSYoungGen      total 6144K, used 2752K [0x00000000d5580000, 0x00000000d5e80000, 0x0000000100000000)
  eden space 3072K, 0% used [0x00000000d5580000,0x00000000d5580000,0x00000000d5880000)
  from space 3072K, 89% used [0x00000000d5b80000,0x00000000d5e300a0,0x00000000d5e80000)
  to   space 3072K, 0% used [0x00000000d5880000,0x00000000d5880000,0x00000000d5b80000)
 ParOldGen       total 605696K, used 605309K [0x0000000080000000, 0x00000000a4f80000, 0x00000000d5580000)
  object space 605696K, 99% used [0x0000000080000000,0x00000000a4f1f5b8,0x00000000a4f80000)
 Metaspace       used 98964K, committed 100800K, reserved 1179648K
  class space    used 9598K, committed 10432K, reserved 1048576K
}
Event: 779593.327 GC heap before
{Heap before GC invocations=4754 (full 8):
 PSYoungGen      total 6144K, used 5824K [0x00000000d5580000, 0x00000000d5e80000, 0x0000000100000000)
  eden space 3072K, 100% used [0x00000000d5580000,0x00000000d5880000,0x00000000d5880000)
  from space 3072K, 89% used [0x00000000d5b80000,0x00000000d5e300a0,0x00000000d5e80000)
  to   space 3072K, 0% used [0x00000000d5880000,0x00000000d5880000,0x00000000d5b80000)
 ParOldGen       total 605696K, used 605309K [0x0000000080000000, 0x00000000a4f80000, 0x00000000d5580000)
  object space 605696K, 99% used [0x0000000080000000,0x00000000a4f1f5b8,0x00000000a4f80000)
 Metaspace       used 98964K, committed 100800K, reserved 1179648K
  class space    used 9598K, committed 10432K, reserved 1048576K
}
Event: 779593.329 GC heap after
{Heap after GC invocations=4754 (full 8):
 PSYoungGen      total 6144K, used 2499K [0x00000000d5580000, 0x00000000d5e80000, 0x0000000100000000)
  eden space 3072K, 0% used [0x00000000d5580000,0x00000000d5580000,0x00000000d5880000)
  from space 3072K, 81% used [0x00000000d5880000,0x00000000d5af0c08,0x00000000d5b80000)
  to   space 3072K, 0% used [0x00000000d5b80000,0x00000000d5b80000,0x00000000d5e80000)
 ParOldGen       total 608256K, used 607879K [0x0000000080000000, 0x00000000a5200000, 0x00000000d5580000)
  object space 608256K, 99% used [0x0000000080000000,0x00000000a51a1f60,0x00000000a5200000)
 Metaspace       used 98964K, committed 100800K, reserved 1179648K
  class space    used 9598K, committed 10432K, reserved 1048576K
}
Event: 779599.271 GC heap before
{Heap before GC invocations=4755 (full 8):
 PSYoungGen      total 6144K, used 5571K [0x00000000d5580000, 0x00000000d5e80000, 0x0000000100000000)
  eden space 3072K, 100% used [0x00000000d5580000,0x00000000d5880000,0x00000000d5880000)
  from space 3072K, 81% used [0x00000000d5880000,0x00000000d5af0c08,0x00000000d5b80000)
  to   space 3072K, 0% used [0x00000000d5b80000,0x00000000d5b80000,0x00000000d5e80000)
 ParOldGen       total 608256K, used 607879K [0x0000000080000000, 0x00000000a5200000, 0x00000000d5580000)
  object space 608256K, 99% used [0x0000000080000000,0x00000000a51a1f60,0x00000000a5200000)
 Metaspace       used 98964K, committed 100800K, reserved 1179648K
  class space    used 9598K, committed 10432K, reserved 1048576K
}
Event: 779599.273 GC heap after
{Heap after GC invocations=4755 (full 8):
 PSYoungGen      total 5632K, used 2358K [0x00000000d5580000, 0x00000000d5e00000, 0x0000000100000000)
  eden space 3072K, 0% used [0x00000000d5580000,0x00000000d5580000,0x00000000d5880000)
  from space 2560K, 92% used [0x00000000d5b80000,0x00000000d5dcdb28,0x00000000d5e00000)
  to   space 2560K, 0% used [0x00000000d5900000,0x00000000d5900000,0x00000000d5b80000)
 ParOldGen       total 610304K, used 610179K [0x0000000080000000, 0x00000000a5400000, 0x00000000d5580000)
  object space 610304K, 99% used [0x0000000080000000,0x00000000a53e0c48,0x00000000a5400000)
 Metaspace       used 98964K, committed 100800K, reserved 1179648K
  class space    used 9598K, committed 10432K, reserved 1048576K
}
Event: 779845.283 GC heap before
{Heap before GC invocations=4756 (full 8):
 PSYoungGen      total 5632K, used 5430K [0x00000000d5580000, 0x00000000d5e00000, 0x0000000100000000)
  eden space 3072K, 100% used [0x00000000d5580000,0x00000000d5880000,0x00000000d5880000)
  from space 2560K, 92% used [0x00000000d5b80000,0x00000000d5dcdb28,0x00000000d5e00000)
  to   space 2560K, 0% used [0x00000000d5900000,0x00000000d5900000,0x00000000d5b80000)
 ParOldGen       total 610304K, used 610179K [0x0000000080000000, 0x00000000a5400000, 0x00000000d5580000)
  object space 610304K, 99% used [0x0000000080000000,0x00000000a53e0c48,0x00000000a5400000)
 Metaspace       used 98965K, committed 100800K, reserved 1179648K
  class space    used 9598K, committed 10432K, reserved 1048576K
}
Event: 779845.287 GC heap after
{Heap after GC invocations=4756 (full 8):
 PSYoungGen      total 3584K, used 480K [0x00000000d5580000, 0x00000000d5c00000, 0x0000000100000000)
  eden space 3072K, 0% used [0x00000000d5580000,0x00000000d5580000,0x00000000d5880000)
  from space 512K, 93% used [0x00000000d5900000,0x00000000d5978000,0x00000000d5980000)
  to   space 1536K, 0% used [0x00000000d5a80000,0x00000000d5a80000,0x00000000d5c00000)
 ParOldGen       total 610816K, used 610371K [0x0000000080000000, 0x00000000a5480000, 0x00000000d5580000)
  object space 610816K, 99% used [0x0000000080000000,0x00000000a5410c48,0x00000000a5480000)
 Metaspace       used 98965K, committed 100800K, reserved 1179648K
  class space    used 9598K, committed 10432K, reserved 1048576K
}

